\BOOKMARK [1][-]{section.1}{\376\377\176\352\213\272\377\010\123\315\136\224\130\006\162\151\164\006\377\011}{}% 1
\BOOKMARK [2][-]{subsection.1.1}{\376\377\124\015\213\315\211\343\221\312}{section.1}% 2
\BOOKMARK [2][-]{subsection.1.2}{\376\377\225\356\173\124\230\230}{section.1}% 3
\BOOKMARK [1][-]{section.2}{\376\377\150\070\161\303\145\231\137\252\163\257\151\202\213\272}{}% 4
\BOOKMARK [2][-]{subsection.2.1}{\376\377\124\015\213\315\211\343\221\312}{section.2}% 5
\BOOKMARK [2][-]{subsection.2.2}{\376\377\225\356\173\124\230\230}{section.2}% 6
\BOOKMARK [1][-]{section.3}{\376\377\131\032\137\252\163\257\161\303\145\231\173\241\164\006\116\016\117\030\123\026}{}% 7
\BOOKMARK [2][-]{subsection.3.1}{\376\377\124\015\213\315\211\343\221\312}{section.3}% 8
\BOOKMARK [2][-]{subsection.3.2}{\376\377\225\356\173\124\230\230}{section.3}% 9
\BOOKMARK [1][-]{section.4}{\376\377\123\125\137\252\163\257\161\303\145\231\173\241\164\006\116\016\117\030\123\026}{}% 10
\BOOKMARK [2][-]{subsection.4.1}{\376\377\124\015\213\315\211\343\221\312}{section.4}% 11
\BOOKMARK [2][-]{subsection.4.2}{\376\377\225\356\173\124\230\230}{section.4}% 12
\BOOKMARK [1][-]{section.5}{\376\377\123\125\137\252\163\257\161\303\145\231\173\241\164\006\213\241\173\227}{}% 13
\BOOKMARK [2][-]{subsection.5.1}{\376\377\174\276\123\116}{section.5}% 14
\BOOKMARK [2][-]{subsection.5.2}{\376\377\167\345\213\306\211\201\160\271}{section.5}% 15
\BOOKMARK [1][-]{section.6}{\376\377\130\006\202\257\150\070\213\276\213\241}{}% 16
\BOOKMARK [2][-]{subsection.6.1}{\376\377\124\015\213\315\211\343\221\312}{section.6}% 17
\BOOKMARK [2][-]{subsection.6.2}{\376\377\167\345\213\306\160\271}{section.6}% 18
\BOOKMARK [1][-]{section.7}{\376\377\143\142\145\231\130\006\202\257\133\211\121\150\213\304\116\367}{}% 19
\BOOKMARK [2][-]{subsection.7.1}{\376\377\167\345\213\306\160\271}{section.7}% 20
